<?xml version="1.0" encoding="UTF-8"?>
<testsuite xmlns:xsi="http://www.w3.org/2001/XMLSchema-instance" xsi:noNamespaceSchemaLocation="https://maven.apache.org/surefire/maven-surefire-plugin/xsd/surefire-test-report-3.0.xsd" version="3.0" name="mage.client.util.IgnoreListTest" time="1.735" tests="9" errors="0" skipped="0" failures="0">
  <properties>
[...]
</properties>
  <testcase name="ignore" classname="mage.client.util.IgnoreListTest" time="0.024"/>
  <testcase name="unignore" classname="mage.client.util.IgnoreListTest" time="0.001"/>
  <testcase name="ignoreDefaultResponse" classname="mage.client.util.IgnoreListTest" time="0.001"/>
  <testcase name="ignoreList" classname="mage.client.util.IgnoreListTest" time="0.004"/>
  <testcase name="ignoreNameWithSpaces" classname="mage.client.util.IgnoreListTest" time="0.002"/>
  <testcase name="ignoreAgain" classname="mage.client.util.IgnoreListTest" time="0.001"/>
  <testcase name="ignoreListEmpty" classname="mage.client.util.IgnoreListTest" time="0.001"/>
  <testcase name="ignoreMaxSize" classname="mage.client.util.IgnoreListTest" time="1.694"/>
  <testcase name="ignoreSpaceName" classname="mage.client.util.IgnoreListTest" time="0.001"/>
</testsuite>